<?xml version="1.0" encoding="utf-8"?><testsuites><testsuite name="pytest" errors="0" failures="0" skipped="0" tests="12" time="0.081" timestamp="2022-01-02T16:25:23.574789" hostname="fv-az39-353"><testcase classname="calculator.tests.test_calculator" name="test_add_two_int[3-5-8]" time="0.001" /><testcase classname="calculator.tests.test_calculator" name="test_add_two_int[1-1-2]" time="0.001" /><testcase classname="calculator.tests.test_calculator" name="test_add_two_int[-52-5--47]" time="0.001" /><testcase classname="calculator.tests.test_calculator" name="test_subtract_two_int[7-5-2]" time="0.001" /><testcase classname="calculator.tests.test_calculator" name="test_subtract_two_int[2-1-1]" time="0.001" /><testcase classname="calculator.tests.test_calculator" name="test_subtract_two_int[1-99--98]" time="0.001" /><testcase classname="calculator.tests.test_calculator" name="test_multiply_two_int[5-7-35]" time="0.001" /><testcase classname="calculator.tests.test_calculator" name="test_multiply_two_int[4-3-12]" time="0.001" /><testcase classname="calculator.tests.test_calculator" name="test_multiply_two_int[-6-8--48]" time="0.001" /><testcase classname="calculator.tests.test_calculator" name="test_divide_two_int[5-1-5]" time="0.001" /><testcase classname="calculator.tests.test_calculator" name="test_divide_two_int[1024-5-204.8]" time="0.001" /><testcase classname="calculator.tests.test_calculator" name="test_divide_two_int[36--3--12]" time="0.001" /></testsuite></testsuites>